<?xml version="1.0" encoding="UTF-8"?>
<!-- Generated by org.testng.reporters.JUnitReportReporter -->
<testsuite name="com.tjs.automation.uiAutomation.login.TC001_VerifyLoginWithInvalidCredentials" tests="1" time="4.116" ignored="0" failures="0" timestamp="26 Jul 2017 11:21:45 GMT" skipped="0" hostname="deeps" errors="0">
  <testcase name="verifyLoginWithInvalidCredentials" time="4.116" classname="com.tjs.automation.uiAutomation.login.TC001_VerifyLoginWithInvalidCredentials"/>
</testsuite> <!-- com.tjs.automation.uiAutomation.login.TC001_VerifyLoginWithInvalidCredentials -->
