<?xml version="1.0" encoding="UTF-8"?>
<!-- Generated by org.testng.reporters.JUnitReportReporter -->
<testsuite name="com.tjs.automation.uiAutomation.login.TC_003_DummyTest" tests="1" time="0.011" ignored="0" failures="0" timestamp="17 Aug 2017 11:37:10 GMT" skipped="0" hostname="deeps" errors="0">
  <testcase name="testPass" time="0.011" classname="com.tjs.automation.uiAutomation.login.TC_003_DummyTest"/>
</testsuite> <!-- com.tjs.automation.uiAutomation.login.TC_003_DummyTest -->
