<?xml version="1.0" encoding="UTF-8"?>
<!-- Generated by org.testng.reporters.JUnitReportReporter -->
<testsuite name="com.tjs.automation.uiAutomation.login.TC001_VerifyLoginWithInvalidCredentials" tests="1" time="7.808" ignored="0" failures="0" timestamp="16 Aug 2017 09:27:18 GMT" skipped="0" hostname="deeps" errors="0">
  <testcase name="verifyLoginWithInvalidCredentials" time="7.808" classname="com.tjs.automation.uiAutomation.login.TC001_VerifyLoginWithInvalidCredentials"/>
</testsuite> <!-- com.tjs.automation.uiAutomation.login.TC001_VerifyLoginWithInvalidCredentials -->
