<?xml version="1.0" encoding="UTF-8"?>
<!-- Generated by org.testng.reporters.JUnitReportReporter -->
<testsuite name="com.tjs.automation.uiAutomation.uiActions.Projects.CreateNewProject" tests="1" time="0.013" ignored="0" failures="0" timestamp="08 Aug 2017 10:16:51 GMT" skipped="0" hostname="deeps" errors="0">
  <testcase name="newProject" time="0.013" classname="com.tjs.automation.uiAutomation.uiActions.Projects.CreateNewProject"/>
</testsuite> <!-- com.tjs.automation.uiAutomation.uiActions.Projects.CreateNewProject -->
