<?xml version="1.0" encoding="UTF-8"?>
<!-- Generated by org.testng.reporters.JUnitReportReporter -->
<testsuite name="com.tjs.automation.uiAutomation.projects.CreateNewProject" tests="1" time="12.623" ignored="0" failures="0" timestamp="10 Aug 2017 07:35:01 GMT" skipped="0" hostname="deeps" errors="0">
  <testcase name="newProject" time="12.623" classname="com.tjs.automation.uiAutomation.projects.CreateNewProject"/>
</testsuite> <!-- com.tjs.automation.uiAutomation.projects.CreateNewProject -->
