<?xml version="1.0" encoding="UTF-8"?>
<!-- Generated by org.testng.reporters.JUnitReportReporter -->
<testsuite name="com.tjs.automation.uiAutomation.login.TC002_VerifyLoginWithValidCredentials" tests="1" time="0.111" ignored="0" failures="0" timestamp="03 Aug 2017 08:15:55 GMT" skipped="0" hostname="deeps" errors="0">
  <testcase name="loginWithValidCredentials" time="0.111" classname="com.tjs.automation.uiAutomation.login.TC002_VerifyLoginWithValidCredentials"/>
</testsuite> <!-- com.tjs.automation.uiAutomation.login.TC002_VerifyLoginWithValidCredentials -->
